# JRE version: Java(TM) SE Runtime Environment (10.0.2+13) (build 10.0.2+13)
# Java VM: Java HotSpot(TM) 64-Bit Server VM (10.0.2+13, mixed mode, tiered, compressed oops, g1 gc, windows-amd64)
Heap:
 garbage-first heap   total 152576K, used 32293K [0x0000000085800000, 0x0000000100000000)
  region size 1024K, 9 young (9216K), 8 survivors (8192K)
 Metaspace       used 65311K, capacity 66675K, committed 67148K, reserved 1107968K
  class space    used 8143K, capacity 8704K, committed 8780K, reserved 1048576K
GC Heap History (10 events):
Event: 8.714 GC heap before
{Heap before GC invocations=7 (full 0):
 garbage-first heap   total 126976K, used 45759K [0x0000000085800000, 0x0000000100000000)
  region size 1024K, 39 young (39936K), 6 survivors (6144K)
 Metaspace       used 34929K, capacity 35773K, committed 35920K, reserved 1081344K
  class space    used 4168K, capacity 4541K, committed 4608K, reserved 1048576K
}
Event: 8.726 GC heap after
{Heap after GC invocations=8 (full 0):
 garbage-first heap   total 126976K, used 15949K [0x0000000085800000, 0x0000000100000000)
  region size 1024K, 8 young (8192K), 8 survivors (8192K)
 Metaspace       used 34929K, capacity 35773K, committed 35920K, reserved 1081344K
  class space    used 4168K, capacity 4541K, committed 4608K, reserved 1048576K
}
Event: 9.346 GC heap before
{Heap before GC invocations=9 (full 0):
 garbage-first heap   total 126976K, used 78413K [0x0000000085800000, 0x0000000100000000)
  region size 1024K, 69 young (70656K), 8 survivors (8192K)
 Metaspace       used 38765K, capacity 39708K, committed 39936K, reserved 1083392K
  class space    used 4627K, capacity 5035K, committed 5120K, reserved 1048576K
}
Event: 9.365 GC heap after
{Heap after GC invocations=10 (full 0):
 garbage-first heap   total 126976K, used 21144K [0x0000000085800000, 0x0000000100000000)
  region size 1024K, 8 young (8192K), 8 survivors (8192K)
 Metaspace       used 38765K, capacity 39708K, committed 39936K, reserved 1083392K
  class space    used 4627K, capacity 5035K, committed 5120K, reserved 1048576K
}
Event: 10.808 GC heap before
{Heap before GC invocations=10 (full 0):
 garbage-first heap   total 126976K, used 83608K [0x0000000085800000, 0x0000000100000000)
  region size 1024K, 69 young (70656K), 8 survivors (8192K)
 Metaspace       used 51780K, capacity 52797K, committed 53504K, reserved 1095680K
  class space    used 6400K, capacity 6836K, committed 6912K, reserved 1048576K
}
Event: 10.843 GC heap after
{Heap after GC invocations=11 (full 0):
 garbage-first heap   total 126976K, used 25459K [0x0000000085800000, 0x0000000100000000)
  region size 1024K, 5 young (5120K), 5 survivors (5120K)
 Metaspace       used 51780K, capacity 52797K, committed 53504K, reserved 1095680K
  class space    used 6400K, capacity 6836K, committed 6912K, reserved 1048576K
}
Event: 11.869 GC heap before
{Heap before GC invocations=11 (full 0):
 garbage-first heap   total 126976K, used 74611K [0x0000000085800000, 0x0000000100000000)
  region size 1024K, 54 young (55296K), 5 survivors (5120K)
 Metaspace       used 58758K, capacity 59804K, committed 60288K, reserved 1101824K
  class space    used 7319K, capacity 7760K, committed 7808K, reserved 1048576K
}
Event: 11.884 GC heap after
{Heap after GC invocations=12 (full 0):
 garbage-first heap   total 152576K, used 27601K [0x0000000085800000, 0x0000000100000000)
  region size 1024K, 7 young (7168K), 7 survivors (7168K)
 Metaspace       used 58758K, capacity 59804K, committed 60288K, reserved 1101824K
  class space    used 7319K, capacity 7760K, committed 7808K, reserved 1048576K
}
Event: 154.711 GC heap before
{Heap before GC invocations=13 (full 0):
 garbage-first heap   total 152576K, used 106449K [0x0000000085800000, 0x0000000100000000)
  region size 1024K, 84 young (86016K), 7 survivors (7168K)
 Metaspace       used 65294K, capacity 66675K, committed 67148K, reserved 1107968K
  class space    used 8142K, capacity 8704K, committed 8780K, reserved 1048576K
}
Event: 154.742 GC heap after
{Heap after GC invocations=14 (full 0):
 garbage-first heap   total 152576K, used 32293K [0x0000000085800000, 0x0000000100000000)
  region size 1024K, 8 young (8192K), 8 survivors (8192K)
 Metaspace       used 65294K, capacity 66675K, committed 67148K, reserved 1107968K
  class space    used 8142K, capacity 8704K, committed 8780K, reserved 1048576K
}

